Using pre-set license
Built from '2022.3/staging' branch; Version is '2022.3.17f1 (4fc78088f837) revision 5228416'; Using compiler version '192829333'; Build Type 'Release'
OS: 'Windows 11  (10.0.22631) 64bit Core' Language: 'en' Physical Memory: 32485 MB
BatchMode: 1, IsHumanControllingUs: 0, StartBugReporterOnCrash: 0, Is64bit: 1, IsPro: 1

COMMAND LINE ARGUMENTS:
C:\Program Files\Unity\Hub\Editor\2022.3.17f1\Editor\Unity.exe
-adb2
-batchMode
-noUpm
-name
AssetImportWorker0
-projectPath
C:/Users/nssok/TIL
-logFile
Logs/AssetImportWorker0.log
-srvPort
62469
Successfully changed project path to: C:/Users/nssok/TIL
C:/Users/nssok/TIL
[UnityMemory] Configuration Parameters - Can be set up in boot.config
    "memorysetup-bucket-allocator-granularity=16"
    "memorysetup-bucket-allocator-bucket-count=8"
    "memorysetup-bucket-allocator-block-size=33554432"
    "memorysetup-bucket-allocator-block-count=8"
    "memorysetup-main-allocator-block-size=16777216"
    "memorysetup-thread-allocator-block-size=16777216"
    "memorysetup-gfx-main-allocator-block-size=16777216"
    "memorysetup-gfx-thread-allocator-block-size=16777216"
    "memorysetup-cache-allocator-block-size=4194304"
    "memorysetup-typetree-allocator-block-size=2097152"
    "memorysetup-profiler-bucket-allocator-granularity=16"
    "memorysetup-profiler-bucket-allocator-bucket-count=8"
    "memorysetup-profiler-bucket-allocator-block-size=33554432"
    "memorysetup-profiler-bucket-allocator-block-count=8"
    "memorysetup-profiler-allocator-block-size=16777216"
    "memorysetup-profiler-editor-allocator-block-size=1048576"
    "memorysetup-temp-allocator-size-main=16777216"
    "memorysetup-job-temp-allocator-block-size=2097152"
    "memorysetup-job-temp-allocator-block-size-background=1048576"
    "memorysetup-job-temp-allocator-reduction-small-platforms=262144"
    "memorysetup-allocator-temp-initial-block-size-main=262144"
    "memorysetup-allocator-temp-initial-block-size-worker=262144"
    "memorysetup-temp-allocator-size-background-worker=32768"
    "memorysetup-temp-allocator-size-job-worker=262144"
    "memorysetup-temp-allocator-size-preload-manager=33554432"
    "memorysetup-temp-allocator-size-nav-mesh-worker=65536"
    "memorysetup-temp-allocator-size-audio-worker=65536"
    "memorysetup-temp-allocator-size-cloud-worker=32768"
    "memorysetup-temp-allocator-size-gi-baking-worker=262144"
    "memorysetup-temp-allocator-size-gfx=262144"
Player connection [288728] Host "[IP] 169.254.10.120 [Port] 0 [Flags] 2 [Guid] 1245211910 [EditorId] 1245211910 [Version] 1048832 [Id] WindowsEditor(7,FearLab_Gaming) [Debug] 1 [PackageName] WindowsEditor [ProjectName] Editor" joined multi-casting on [225.0.0.222:54997]...

Player connection [288728] Host "[IP] 169.254.10.120 [Port] 0 [Flags] 2 [Guid] 1245211910 [EditorId] 1245211910 [Version] 1048832 [Id] WindowsEditor(7,FearLab_Gaming) [Debug] 1 [PackageName] WindowsEditor [ProjectName] Editor" joined alternative multi-casting on [225.0.0.222:34997]...

[Physics::Module] Initialized MultithreadedJobDispatcher with 31 workers.
Refreshing native plugins compatible for Editor in 6.86 ms, found 4 plugins.
Preloading 0 native plugins for Editor in 0.00 ms.
Initialize engine version: 2022.3.17f1 (4fc78088f837)
[Subsystems] Discovering subsystems at path C:/Program Files/Unity/Hub/Editor/2022.3.17f1/Editor/Data/Resources/UnitySubsystems
[Subsystems] Discovering subsystems at path C:/Users/nssok/TIL/Assets
GfxDevice: creating device client; threaded=0; jobified=0
Direct3D:
    Version:  Direct3D 11.0 [level 11.1]
    Renderer: NVIDIA GeForce RTX 4080 (ID=0x2704)
    Vendor:   NVIDIA
    VRAM:     16050 MB
    Driver:   31.0.15.5241
Initialize mono
Mono path[0] = 'C:/Program Files/Unity/Hub/Editor/2022.3.17f1/Editor/Data/Managed'
Mono path[1] = 'C:/Program Files/Unity/Hub/Editor/2022.3.17f1/Editor/Data/MonoBleedingEdge/lib/mono/unityjit-win32'
Mono config path = 'C:/Program Files/Unity/Hub/Editor/2022.3.17f1/Editor/Data/MonoBleedingEdge/etc'
Using monoOptions --debugger-agent=transport=dt_socket,embedding=1,server=y,suspend=n,address=127.0.0.1:56616
Begin MonoManager ReloadAssembly
Registering precompiled unity dll's ...
Register platform support module: C:/Program Files/Unity/Hub/Editor/2022.3.17f1/Editor/Data/PlaybackEngines/WebGLSupport/UnityEditor.WebGL.Extensions.dll
Register platform support module: C:/Program Files/Unity/Hub/Editor/2022.3.17f1/Editor/Data/PlaybackEngines/MacStandaloneSupport/UnityEditor.OSXStandalone.Extensions.dll
Register platform support module: C:/Program Files/Unity/Hub/Editor/2022.3.17f1/Editor/Data/PlaybackEngines/WindowsStandaloneSupport/UnityEditor.WindowsStandalone.Extensions.dll
Registered in 0.006216 seconds.
- Loaded All Assemblies, in  0.206 seconds
Native extension for WindowsStandalone target not found
Native extension for OSXStandalone target not found
Native extension for WebGL target not found
Mono: successfully reloaded assembly
- Finished resetting the current domain, in  0.157 seconds
Domain Reload Profiling: 363ms
	BeginReloadAssembly (64ms)
		ExecutionOrderSort (0ms)
		DisableScriptedObjects (0ms)
		BackupInstance (0ms)
		ReleaseScriptingObjects (0ms)
		CreateAndSetChildDomain (0ms)
	RebuildCommonClasses (19ms)
	RebuildNativeTypeToScriptingClass (6ms)
	initialDomainReloadingComplete (37ms)
	LoadAllAssembliesAndSetupDomain (80ms)
		LoadAssemblies (63ms)
		RebuildTransferFunctionScriptingTraits (0ms)
		AnalyzeDomain (78ms)
			TypeCache.Refresh (77ms)
				TypeCache.ScanAssembly (70ms)
			ScanForSourceGeneratedMonoScriptInfo (0ms)
			ResolveRequiredComponents (0ms)
	FinalizeReload (158ms)
		ReleaseScriptCaches (0ms)
		RebuildScriptCaches (0ms)
		SetupLoadedEditorAssemblies (126ms)
			LogAssemblyErrors (0ms)
			InitializePlatformSupportModulesInManaged (8ms)
			SetLoadedEditorAssemblies (3ms)
			RefreshPlugins (0ms)
			BeforeProcessingInitializeOnLoad (1ms)
			ProcessInitializeOnLoadAttributes (83ms)
			ProcessInitializeOnLoadMethodAttributes (30ms)
			AfterProcessingInitializeOnLoad (0ms)
			EditorAssembliesLoaded (0ms)
		ExecutionOrderSort2 (0ms)
		AwakeInstancesAfterBackupRestoration (0ms)
========================================================================
Worker process is ready to serve import requests
Begin MonoManager ReloadAssembly
- Loaded All Assemblies, in  0.722 seconds
Refreshing native plugins compatible for Editor in 2.81 ms, found 4 plugins.
Native extension for WindowsStandalone target not found
Native extension for OSXStandalone target not found
Native extension for WebGL target not found
Package Manager log level set to [2]
[Package Manager] Server::EnsureServerProcessIsRunning -- launch failed, reason: Unity was launched with the -noUpm command-line argument
[Package Manager] UpmClient::Send -- Unable to send message (not connected to UPM process).
[Package Manager] Cannot connect to Unity Package Manager local server
Mono: successfully reloaded assembly
- Finished resetting the current domain, in  0.549 seconds
Domain Reload Profiling: 1269ms
	BeginReloadAssembly (122ms)
		ExecutionOrderSort (0ms)
		DisableScriptedObjects (3ms)
		BackupInstance (0ms)
		ReleaseScriptingObjects (0ms)
		CreateAndSetChildDomain (11ms)
	RebuildCommonClasses (18ms)
	RebuildNativeTypeToScriptingClass (6ms)
	initialDomainReloadingComplete (26ms)
	LoadAllAssembliesAndSetupDomain (548ms)
		LoadAssemblies (391ms)
		RebuildTransferFunctionScriptingTraits (0ms)
		AnalyzeDomain (229ms)
			TypeCache.Refresh (197ms)
				TypeCache.ScanAssembly (172ms)
			ScanForSourceGeneratedMonoScriptInfo (27ms)
			ResolveRequiredComponents (4ms)
	FinalizeReload (550ms)
		ReleaseScriptCaches (0ms)
		RebuildScriptCaches (0ms)
		SetupLoadedEditorAssemblies (455ms)
			LogAssemblyErrors (0ms)
			InitializePlatformSupportModulesInManaged (7ms)
			SetLoadedEditorAssemblies (2ms)
			RefreshPlugins (0ms)
			BeforeProcessingInitializeOnLoad (42ms)
			ProcessInitializeOnLoadAttributes (371ms)
			ProcessInitializeOnLoadMethodAttributes (29ms)
			AfterProcessingInitializeOnLoad (4ms)
			EditorAssembliesLoaded (0ms)
		ExecutionOrderSort2 (0ms)
		AwakeInstancesAfterBackupRestoration (4ms)
Launched and connected shader compiler UnityShaderCompiler.exe after 0.06 seconds
Refreshing native plugins compatible for Editor in 3.26 ms, found 4 plugins.
Preloading 0 native plugins for Editor in 0.00 ms.
Unloading 4700 Unused Serialized files (Serialized files now loaded: 0)
Unloading 73 unused Assets / (244.9 KB). Loaded Objects now: 5161.
Memory consumption went from 167.5 MB to 167.3 MB.
Total: 3.848600 ms (FindLiveObjects: 0.181000 ms CreateObjectMapping: 0.063800 ms MarkObjects: 3.429900 ms  DeleteObjects: 0.173100 ms)

AssetImportParameters requested are different than current active one (requested -> active):
  custom:container-demuxer-ogg: 62fdf1f143b41e24485cea50d1cbac27 -> 
  custom:video-codec-MediaFoundation-h265: 746d11721c4dcdbdad8f713fa42b33f4 -> 
  custom:video-decoder-ogg-theora: a1e56fd34408186e4bbccfd4996cb3dc -> 
  custom:framework-win-MediaFoundation: 216162199b28c13a410421893ffa2e32 -> 
  custom:CustomObjectIndexerAttribute: 6d391050e5a25f67b0a2c618074f2cd9 -> 
  custom:container-demuxer-webm: 4f35f7cbe854078d1ac9338744f61a02 -> 
  custom:container-muxer-webm: aa71ff27fc2769a1b78a27578f13a17b -> 
  custom:video-decoder-webm-vp8: 9c59270c3fd7afecdb556c50c9e8de78 -> 
  custom:SearchIndexIgnoredProperties: e643bd26f0fe6173181afceb89e7c659 -> 
  custom:AudioImporter_EditorPlatform: d09bf68614088b80899f8185d706f6e7 -> 
  custom:video-encoder-webm-vp8: eb34c28f22e8b96e1ab97ce403110664 -> 
  custom:audio-decoder-ogg-vorbis: bf7c407c2cedff20999df2af8eb42d56 -> 
  custom:audio-encoder-webm-vorbis: bf7c407c2cedff20999df2af8eb42d56 -> 
========================================================================
Received Import Request.
  Time since last request: 1100292.132817 seconds.
  path: Assets/image 9.png
  artifactKey: Guid(6d8a416ee56d24df3b6bf717c3163c92) Importer(815301076,1909f56bfc062723c751e8b465ee728b)
Start importing Assets/image 9.png using Guid(6d8a416ee56d24df3b6bf717c3163c92) Importer(815301076,1909f56bfc062723c751e8b465ee728b)  -> (artifact id: '0751af3f10228e875e15c0c0daabe133') in 0.048983 seconds
Number of updated asset objects reloaded before import = 0
Number of asset objects unloaded after import = 3
========================================================================
Received Import Request.
  Time since last request: 0.000022 seconds.
  path: Assets/Cage.prefab
  artifactKey: Guid(4044f6ccca710450088fa79927614810) Importer(815301076,1909f56bfc062723c751e8b465ee728b)
Start importing Assets/Cage.prefab using Guid(4044f6ccca710450088fa79927614810) Importer(815301076,1909f56bfc062723c751e8b465ee728b)  -> (artifact id: '425b601ccec8529d8e0a45d27bf47899') in 0.024166 seconds
Number of updated asset objects reloaded before import = 0
Number of asset objects unloaded after import = 7
========================================================================
Received Import Request.
  Time since last request: 0.000012 seconds.
  path: Assets/oneAwayMaterial.mat
  artifactKey: Guid(689e5fbfd19054cc998637d987b8e04f) Importer(815301076,1909f56bfc062723c751e8b465ee728b)
Start importing Assets/oneAwayMaterial.mat using Guid(689e5fbfd19054cc998637d987b8e04f) Importer(815301076,1909f56bfc062723c751e8b465ee728b)  -> (artifact id: '83c43fbbbc7ab49693de68d0496ac395') in 0.067317 seconds
Number of updated asset objects reloaded before import = 0
Number of asset objects unloaded after import = 2
========================================================================
Received Import Request.
  Time since last request: 0.000013 seconds.
  path: Assets/Player.prefab
  artifactKey: Guid(71ac1da04a6ac4f08b5ad160b3e875ad) Importer(815301076,1909f56bfc062723c751e8b465ee728b)
Start importing Assets/Player.prefab using Guid(71ac1da04a6ac4f08b5ad160b3e875ad) Importer(815301076,1909f56bfc062723c751e8b465ee728b)  -> (artifact id: '877ec464776f8f9327b47cecc5330545') in 0.008350 seconds
Number of updated asset objects reloaded before import = 0
Number of asset objects unloaded after import = 7
========================================================================
Received Import Request.
  Time since last request: 0.000012 seconds.
  path: Assets/twoAwayMaterial.mat
  artifactKey: Guid(6dd8674af0ad5466ab42b6b97e334494) Importer(815301076,1909f56bfc062723c751e8b465ee728b)
Start importing Assets/twoAwayMaterial.mat using Guid(6dd8674af0ad5466ab42b6b97e334494) Importer(815301076,1909f56bfc062723c751e8b465ee728b)  -> (artifact id: 'b011f63de0939c646b5b844b98435baf') in 0.011499 seconds
Number of updated asset objects reloaded before import = 0
Number of asset objects unloaded after import = 2
========================================================================
Received Import Request.
  Time since last request: 0.000018 seconds.
  path: Assets/Scenes/SampleScene.unity
  artifactKey: Guid(2cda990e2423bbf4892e6590ba056729) Importer(815301076,1909f56bfc062723c751e8b465ee728b)
Start importing Assets/Scenes/SampleScene.unity using Guid(2cda990e2423bbf4892e6590ba056729) Importer(815301076,1909f56bfc062723c751e8b465ee728b)  -> (artifact id: 'd76e42de86247c23c33fa9411eedf21c') in 0.000328 seconds
Number of updated asset objects reloaded before import = 0
Number of asset objects unloaded after import = 0
========================================================================
Received Import Request.
  Time since last request: 0.000009 seconds.
  path: Assets/image 12.png
  artifactKey: Guid(1562c07866898434eb290bdf38f838bc) Importer(815301076,1909f56bfc062723c751e8b465ee728b)
Start importing Assets/image 12.png using Guid(1562c07866898434eb290bdf38f838bc) Importer(815301076,1909f56bfc062723c751e8b465ee728b)  -> (artifact id: '1b6cd680f669343064356f166fecd812') in 0.013761 seconds
Number of updated asset objects reloaded before import = 0
Number of asset objects unloaded after import = 3
========================================================================
Received Import Request.
  Time since last request: 9.751943 seconds.
  path: Assets/IntroScene.unity
  artifactKey: Guid(958423ed1c66941c3bd347b6e6b00f38) Importer(815301076,1909f56bfc062723c751e8b465ee728b)
Start importing Assets/IntroScene.unity using Guid(958423ed1c66941c3bd347b6e6b00f38) Importer(815301076,1909f56bfc062723c751e8b465ee728b)  -> (artifact id: 'b2d58297cfce410778df41544faf3ddc') in 0.000616 seconds
Number of updated asset objects reloaded before import = 0
Number of asset objects unloaded after import = 0
========================================================================
Received Import Request.
  Time since last request: 41.392334 seconds.
  path: Assets/Scripts/CSVReader.cs
  artifactKey: Guid(371e855625efe40f6b076d9fadac53be) Importer(815301076,1909f56bfc062723c751e8b465ee728b)
Start importing Assets/Scripts/CSVReader.cs using Guid(371e855625efe40f6b076d9fadac53be) Importer(815301076,1909f56bfc062723c751e8b465ee728b)  -> (artifact id: '6341e8a2605e866cea2e29bd17c060bf') in 0.000513 seconds
Number of updated asset objects reloaded before import = 0
Number of asset objects unloaded after import = 0
========================================================================
Received Import Request.
  Time since last request: 0.457174 seconds.
  path: Assets/Scripts/IntroController.cs
  artifactKey: Guid(d3635bc34b2bc4b2196fd17fe46e1005) Importer(815301076,1909f56bfc062723c751e8b465ee728b)
Start importing Assets/Scripts/IntroController.cs using Guid(d3635bc34b2bc4b2196fd17fe46e1005) Importer(815301076,1909f56bfc062723c751e8b465ee728b)  -> (artifact id: 'beb1bb509807bc4a131add8763bf0b12') in 0.000405 seconds
Number of updated asset objects reloaded before import = 0
Number of asset objects unloaded after import = 0
========================================================================
Received Import Request.
  Time since last request: 0.844843 seconds.
  path: Assets/Scripts/PlayerMovement.cs
  artifactKey: Guid(3f04a02112cc041469704b9b2bb3b968) Importer(815301076,1909f56bfc062723c751e8b465ee728b)
Start importing Assets/Scripts/PlayerMovement.cs using Guid(3f04a02112cc041469704b9b2bb3b968) Importer(815301076,1909f56bfc062723c751e8b465ee728b)  -> (artifact id: '15142eba10bd69c636f30cdbd156f823') in 0.000515 seconds
Number of updated asset objects reloaded before import = 0
Number of asset objects unloaded after import = 0
========================================================================
Received Import Request.
  Time since last request: 1.811494 seconds.
  path: Assets/Scripts/GridManager.cs
  artifactKey: Guid(9c5597cdb570e4b849ce2233e478ca9c) Importer(815301076,1909f56bfc062723c751e8b465ee728b)
Start importing Assets/Scripts/GridManager.cs using Guid(9c5597cdb570e4b849ce2233e478ca9c) Importer(815301076,1909f56bfc062723c751e8b465ee728b)  -> (artifact id: '616aad17187135216d123329332017b9') in 0.000491 seconds
Number of updated asset objects reloaded before import = 0
Number of asset objects unloaded after import = 0
========================================================================
Received Import Request.
  Time since last request: 0.951401 seconds.
  path: Assets/Scripts/Pathfinding.cs
  artifactKey: Guid(5dc0d57b35bfb46ca8da321b30629692) Importer(815301076,1909f56bfc062723c751e8b465ee728b)
Start importing Assets/Scripts/Pathfinding.cs using Guid(5dc0d57b35bfb46ca8da321b30629692) Importer(815301076,1909f56bfc062723c751e8b465ee728b)  -> (artifact id: 'fc7f0650247903739373f5f1c7a85e9d') in 0.000341 seconds
Number of updated asset objects reloaded before import = 0
Number of asset objects unloaded after import = 0
========================================================================
Received Import Request.
  Time since last request: 8.592383 seconds.
  path: Assets/Scripts/Trial.cs
  artifactKey: Guid(2c47f0b2c983d457b960323263fa7399) Importer(815301076,1909f56bfc062723c751e8b465ee728b)
Start importing Assets/Scripts/Trial.cs using Guid(2c47f0b2c983d457b960323263fa7399) Importer(815301076,1909f56bfc062723c751e8b465ee728b)  -> (artifact id: '117218832bdd634baa95aeda044faa4b') in 0.000420 seconds
Number of updated asset objects reloaded before import = 0
Number of asset objects unloaded after import = 0
========================================================================
Received Import Request.
  Time since last request: 55.149608 seconds.
  path: Assets/Scripts/Cage.cs
  artifactKey: Guid(227c8ce60c1e048109a3030339fb8e34) Importer(815301076,1909f56bfc062723c751e8b465ee728b)
Start importing Assets/Scripts/Cage.cs using Guid(227c8ce60c1e048109a3030339fb8e34) Importer(815301076,1909f56bfc062723c751e8b465ee728b)  -> (artifact id: '0ff4fa01ced178df0a75e4a92e6a81b4') in 0.000372 seconds
Number of updated asset objects reloaded before import = 0
Number of asset objects unloaded after import = 0
========================================================================
Received Import Request.
  Time since last request: 8.981522 seconds.
  path: Assets/Scripts
  artifactKey: Guid(9b4fe0853692841f8910473ccb427137) Importer(815301076,1909f56bfc062723c751e8b465ee728b)
Start importing Assets/Scripts using Guid(9b4fe0853692841f8910473ccb427137) Importer(815301076,1909f56bfc062723c751e8b465ee728b)  -> (artifact id: '51155ce25f615abc66c7a03f482954bc') in 0.000412 seconds
Number of updated asset objects reloaded before import = 0
Number of asset objects unloaded after import = 0
========================================================================
Received Import Request.
  Time since last request: 0.876947 seconds.
  path: Assets/Resources
  artifactKey: Guid(cd553eb59208142f7a84cb4d6562fa95) Importer(815301076,1909f56bfc062723c751e8b465ee728b)
Start importing Assets/Resources using Guid(cd553eb59208142f7a84cb4d6562fa95) Importer(815301076,1909f56bfc062723c751e8b465ee728b)  -> (artifact id: '42d154555c049390f37bbb94815cd14d') in 0.000606 seconds
Number of updated asset objects reloaded before import = 0
Number of asset objects unloaded after import = 0
========================================================================
Received Import Request.
  Time since last request: 1.368441 seconds.
  path: Assets/Resources/conditions.csv
  artifactKey: Guid(2cb5c69e6151c41228cd039825866e8f) Importer(815301076,1909f56bfc062723c751e8b465ee728b)
Start importing Assets/Resources/conditions.csv using Guid(2cb5c69e6151c41228cd039825866e8f) Importer(815301076,1909f56bfc062723c751e8b465ee728b)  -> (artifact id: 'edbe33a5c33ca2bde8f11a88facb0612') in 0.000941 seconds
Number of updated asset objects reloaded before import = 0
Number of asset objects unloaded after import = 1
